<?xml version="1.0" encoding="UTF-8"?>
<!-- Generated by org.testng.reporters.JUnitReportReporter -->
<testsuite hostname="DESKTOP-4QB63RO" failures="0" tests="1" name="verificationAssertion.assertNullUse" time="0.029" errors="0" timestamp="2022-06-29T13:54:01 IST" skipped="0">
  <testcase classname="verificationAssertion.assertNullUse" name="verifyNull" time="0.029"/>
  <system-out>
    <![CDATA[value is null TC pass
b is not null TC passed]]>
  </system-out>
</testsuite> <!-- verificationAssertion.assertNullUse -->
