<?xml version="1.0" encoding="UTF-8"?>
<!-- Generated by org.testng.reporters.JUnitReportReporter -->
<testsuite hostname="DESKTOP-4QB63RO" failures="0" tests="2" name="CrossBrowserTesting.crossbrowsertest" time="190.474" errors="0" timestamp="2022-06-29T21:51:18 IST" skipped="0">
  <testcase classname="CrossBrowserTesting.crossbrowsertest" name="crosstesting" time="135.567"/>
  <system-out/>
  <testcase classname="CrossBrowserTesting.crossbrowsertest" name="crosstesting" time="54.907"/>
  <system-out/>
</testsuite> <!-- CrossBrowserTesting.crossbrowsertest -->
