<?xml version="1.0" encoding="UTF-8"?>
<!-- Generated by org.testng.reporters.JUnitReportReporter -->
<testsuite hostname="DESKTOP-4QB63RO" failures="0" tests="1" name="CrossBrowserTesting.PracticeFireFox" time="103.407" errors="0" timestamp="2022-06-29T21:16:56 IST" skipped="0">
  <testcase classname="CrossBrowserTesting.PracticeFireFox" name="firefoxTesting" time="103.407"/>
  <system-out/>
</testsuite> <!-- CrossBrowserTesting.PracticeFireFox -->
