<?xml version="1.0" encoding="UTF-8"?>
<!-- Generated by org.testng.reporters.JUnitReportReporter -->
<testsuite hostname="DESKTOP-4QB63RO" failures="0" tests="1" name="includeExclude.TestClass1" time="0.022" errors="0" timestamp="2022-06-24T13:54:23 IST" skipped="0">
  <testcase classname="includeExclude.TestClass1" name="a" time="0.022"/>
  <system-out>
    <![CDATA[A is running]]>
  </system-out>
</testsuite> <!-- includeExclude.TestClass1 -->
