<?xml version="1.0" encoding="UTF-8"?>
<!-- Generated by org.testng.reporters.JUnitReportReporter -->
<testsuite hostname="DESKTOP-4QB63RO" failures="0" tests="2" name="testNGstudy.AnnotationStudy" time="0.018" errors="0" timestamp="2022-06-27T20:06:21 IST" skipped="0">
  <testcase classname="testNGstudy.AnnotationStudy" name="test2" time="0.013"/>
  <system-out>
    <![CDATA[This is test 2 method ]]>
  </system-out>
  <testcase classname="testNGstudy.AnnotationStudy" name="validedUserid" time="0.005"/>
  <system-out>
    <![CDATA[Hii username validate ]]>
  </system-out>
</testsuite> <!-- testNGstudy.AnnotationStudy -->
