<?xml version="1.0" encoding="UTF-8"?>
<!-- Generated by org.testng.reporters.JUnitReportReporter -->
<testsuite hostname="DESKTOP-4QB63RO" failures="0" tests="1" name="SerialAndParallelStudy.TestClass1" time="14.648" errors="0" timestamp="2022-06-27T20:03:46 IST" skipped="0">
  <testcase classname="SerialAndParallelStudy.TestClass1" name="method1" time="14.648"/>
  <system-out/>
</testsuite> <!-- SerialAndParallelStudy.TestClass1 -->
