<?xml version="1.0" encoding="UTF-8"?>
<!-- Generated by org.testng.reporters.JUnitReportReporter -->
<testsuite hostname="DESKTOP-4QB63RO" failures="0" tests="1" name="verificationAssertion.asertionStudy" time="23.528" errors="0" timestamp="2022-06-27T21:14:58 IST" skipped="0">
  <testcase classname="verificationAssertion.asertionStudy" name="redioselect" time="23.528"/>
  <system-out>
    <![CDATA[Readio button not selected TC failed]]>
  </system-out>
</testsuite> <!-- verificationAssertion.asertionStudy -->
