<?xml version="1.0" encoding="UTF-8"?>
<!-- Generated by org.testng.reporters.JUnitReportReporter -->
<testsuite hostname="DESKTOP-4QB63RO" failures="0" tests="4" name="TestNGkyeword.InvocationCount" time="0.039" errors="0" timestamp="2022-06-23T14:58:14 IST" skipped="0">
  <testcase classname="TestNGkyeword.InvocationCount" name="MyMethod" time="0.007"/>
  <system-out>
    <![CDATA[Hi this is method by using invacation Count keyWord]]>
  </system-out>
  <testcase classname="TestNGkyeword.InvocationCount" name="MyMethod" time="0.013"/>
  <system-out>
    <![CDATA[Hi this is method by using invacation Count keyWord]]>
  </system-out>
  <testcase classname="TestNGkyeword.InvocationCount" name="MyMethod" time="0.004"/>
  <system-out>
    <![CDATA[Hi this is method by using invacation Count keyWord]]>
  </system-out>
  <testcase classname="TestNGkyeword.InvocationCount" name="MyMethod" time="0.015"/>
  <system-out>
    <![CDATA[Hi this is method by using invacation Count keyWord]]>
  </system-out>
</testsuite> <!-- TestNGkyeword.InvocationCount -->
