<?xml version="1.0" encoding="UTF-8"?>
<!-- Generated by org.testng.reporters.JUnitReportReporter -->
<testsuite hostname="DESKTOP-4QB63RO" failures="0" tests="4" name="TestNGkyeword.dependOnmethod" time="0.034" errors="0" timestamp="2022-06-26T21:16:10 IST" skipped="0">
  <testcase classname="TestNGkyeword.dependOnmethod" name="Method3" time="0.019"/>
  <system-out>
    <![CDATA[method3 work fine]]>
  </system-out>
  <testcase classname="TestNGkyeword.dependOnmethod" name="Method1" time="0.006"/>
  <system-out>
    <![CDATA[method1 work fine]]>
  </system-out>
  <testcase classname="TestNGkyeword.dependOnmethod" name="Method2" time="0.004"/>
  <system-out>
    <![CDATA[method2 work fine]]>
  </system-out>
  <testcase classname="TestNGkyeword.dependOnmethod" name="Method4" time="0.005"/>
  <system-out>
    <![CDATA[method4 work fine]]>
  </system-out>
</testsuite> <!-- TestNGkyeword.dependOnmethod -->
