<?xml version="1.0" encoding="UTF-8"?>
<!-- Generated by org.testng.reporters.JUnitReportReporter -->
<testsuite hostname="DESKTOP-4QB63RO" failures="0" tests="3" name="includeExclude.testClass2" time="0.029" errors="0" timestamp="2022-06-24T13:57:36 IST" skipped="0">
  <testcase classname="includeExclude.testClass2" name="r" time="0.003"/>
  <system-out>
    <![CDATA[R is running ]]>
  </system-out>
  <testcase classname="includeExclude.testClass2" name="p" time="0.022"/>
  <system-out>
    <![CDATA[p is running ]]>
  </system-out>
  <testcase classname="includeExclude.testClass2" name="s" time="0.004"/>
  <system-out>
    <![CDATA[s is running ]]>
  </system-out>
</testsuite> <!-- includeExclude.testClass2 -->
