<?xml version="1.0" encoding="UTF-8"?>
<!-- Generated by org.testng.reporters.JUnitReportReporter -->
<testsuite hostname="DESKTOP-4QB63RO" failures="0" tests="1" name="KiteTest.validatekiteUserID" time="17.324" errors="0" timestamp="2022-07-02T14:55:10 IST" skipped="0">
  <testcase classname="KiteTest.validatekiteUserID" name="validateUserID" time="17.324"/>
  <system-out>
    <![CDATA[Actual and Expected are matched TC passed]]>
  </system-out>
</testsuite> <!-- KiteTest.validatekiteUserID -->
