<?xml version="1.0" encoding="UTF-8"?>
<!-- Generated by org.testng.reporters.JUnitReportReporter -->
<testsuite hostname="DESKTOP-4QB63RO" failures="0" tests="1" name="verificationAssertion.assertEqualsUse" time="0.050" errors="0" timestamp="2022-06-28T21:06:54 IST" skipped="0">
  <testcase classname="verificationAssertion.assertEqualsUse" name="equalverification" time="0.050"/>
  <system-out>
    <![CDATA[ a and b are not equals TC passed]]>
  </system-out>
</testsuite> <!-- verificationAssertion.assertEqualsUse -->
