<?xml version="1.0" encoding="UTF-8"?>
<!-- Generated by org.testng.reporters.JUnitReportReporter -->
<testsuite hostname="DESKTOP-4QB63RO" failures="0" tests="1" name="verificationAssertion.HardAssertUsa" time="0.023" errors="0" timestamp="2022-06-29T13:33:13 IST" skipped="0">
  <testcase classname="verificationAssertion.HardAssertUsa" name="assertEqualsuse" time="0.023"/>
  <system-out>
    <![CDATA[a and b are not same tc passes]]>
  </system-out>
</testsuite> <!-- verificationAssertion.HardAssertUsa -->
