<?xml version="1.0" encoding="UTF-8"?>
<!-- Generated by org.testng.reporters.JUnitReportReporter -->
<testsuite hostname="DESKTOP-4QB63RO" failures="0" tests="3" name="TestNGkyeword.EnableKeyword" time="0.024" errors="0" timestamp="2022-06-24T13:34:34 IST" skipped="1">
  <testcase classname="TestNGkyeword.EnableKeyword" name="c" time="0.004"/>
  <system-out>
    <![CDATA[C method runnig]]>
  </system-out>
  <testcase classname="TestNGkyeword.EnableKeyword" name="a" time="0.020"/>
  <system-out>
    <![CDATA[A method running]]>
  </system-out>
  <testcase classname="TestNGkyeword.EnableKeyword" name="b">
    <skipped/>
  </testcase> <!-- b -->
  <system-out/>
</testsuite> <!-- TestNGkyeword.EnableKeyword -->
